z:\playground\fileredirect\fileredirect\win7debug\vc120.pdb
z:\playground\fileredirect\fileredirect\win7debug\fileredirect.obj
z:\playground\fileredirect\fileredirect\win7debug\utils.obj
z:\playground\fileredirect\win7debug\fileredirect.pdb
z:\playground\fileredirect\win7debug\fileredirect.cer
z:\playground\fileredirect\win7debug\fileredirect.inf
z:\playground\fileredirect\fileredirect\win7debug\signtool.command.1.tlog
z:\playground\fileredirect\fileredirect\win7debug\signtool.read.1.tlog
z:\playground\fileredirect\fileredirect\win7debug\signtool.write.1.tlog
z:\playground\fileredirect\fileredirect\win7debug\stampinf.command.1.tlog
z:\playground\fileredirect\fileredirect\win7debug\stampinf.read.1.tlog
z:\playground\fileredirect\fileredirect\win7debug\stampinf.write.1.tlog
z:\playground\fileredirect\fileredirect\win7debug\fileredirect.res
z:\playground\fileredirect\win7debug\fileredirect.sys
z:\playground\fileredirect\fileredirect\win7debug\fileredirect.tlog\cl.command.1.tlog
z:\playground\fileredirect\fileredirect\win7debug\fileredirect.tlog\cl.read.1.tlog
z:\playground\fileredirect\fileredirect\win7debug\fileredirect.tlog\cl.write.1.tlog
z:\playground\fileredirect\fileredirect\win7debug\fileredirect.tlog\link.command.1.tlog
z:\playground\fileredirect\fileredirect\win7debug\fileredirect.tlog\link.read.1.tlog
z:\playground\fileredirect\fileredirect\win7debug\fileredirect.tlog\link.write.1.tlog
z:\playground\fileredirect\fileredirect\win7debug\fileredirect.tlog\rc.command.1.tlog
z:\playground\fileredirect\fileredirect\win7debug\fileredirect.tlog\rc.read.1.tlog
z:\playground\fileredirect\fileredirect\win7debug\fileredirect.tlog\rc.write.1.tlog
