生成启动时间为 2020/3/18 11:29:58。
项目“Z:\Playground\FileRedirect\FileRedirect\FileRedirect.vcxproj”在节点 2 上(Rebuild 个目标)。
StampInf:
  C:\Program Files (x86)\Windows Kits\8.1\bin\x86\stampinf.exe -d "*" -a "amd64" -v "*" -k "1.11" -u "1.11.0" -f x64\Win7Debug\FileRedirect.inf 
  Stamping x64\Win7Debug\FileRedirect.inf [Version] section with DriverVer=03/18/2020,11.29.59.124
ClCompile:
  C:\Program Files (x86)\Microsoft Visual Studio 12.0\VC\bin\x86_amd64\CL.exe /c /Ix64\Win7Debug\ /Zi /nologo /W3 /WX- /Od /Oi /Oy- /D _WIN64 /D _AMD64_ /D AMD64 /D DEPRECATE_DDK_FUNCTIONS=1 /D MSC_NOOPT /D _WIN32_WINNT=0x0601 /D WINVER=0x0601 /D WINNT=1 /D NTDDI_VERSION=0x06010000 /D DBG=1 /GF /Gm- /Zp8 /GS /Gy /fp:precise /Zc:wchar_t- /Zc:forScope- /GR- /Fo"x64\Win7Debug\\" /Fd"x64\Win7Debug\vc120.pdb" /Gz /wd4748 /wd4603 /wd4627 /wd4986 /wd4987 /wd4996 /FI"C:\Program Files (x86)\Windows Kits\8.1\Include\Shared\warning.h" /errorReport:prompt /kernel -cbstring -d2epilogunwind /d1import_no_registry /d2AllowCompatibleILVersions /d2Zi+ utils.c FileRedirect.c
  utils.c
  FileRedirect.c
C:\Program Files (x86)\Windows Kits\8.1\Include\km\crt\stdlib.h(773): warning C4995: “_makepath”:  名称被标记为 #pragma deprecated
C:\Program Files (x86)\Windows Kits\8.1\Include\km\crt\stdlib.h(822): warning C4995: “_splitpath”:  名称被标记为 #pragma deprecated
C:\Program Files (x86)\Windows Kits\8.1\Include\km\crt\stdlib.h(850): warning C4995: “_wmakepath”:  名称被标记为 #pragma deprecated
C:\Program Files (x86)\Windows Kits\8.1\Include\km\crt\stdlib.h(860): warning C4995: “_wsplitpath”:  名称被标记为 #pragma deprecated
  正在生成代码...
ResourceCompile:
  C:\Program Files (x86)\Windows Kits\8.1\bin\x86\rc.exe /D _WIN64 /D _AMD64_=1 /D AMD64 /D DEPRECATE_DDK_FUNCTIONS=1 /D MSC_NOOPT /D _WIN32_WINNT=0x0601 /D WINVER=0x0601 /D WINNT=1 /D NTDDI_VERSION=0x06010000 /D DBG=1 /D "SMP_ID=\\\"{f2f62967-0815-4fd7-9b86-6eedcac766eb}\\\"" /l"0x0409" /I"C:\Program Files (x86)\Windows Kits\8.1\Include\UM" /Ix64\Win7Debug\ /nologo /fo"x64\Win7Debug\FileRedirect.res" FileRedirect.rc 
Link:
  C:\Program Files (x86)\Microsoft Visual Studio 12.0\VC\bin\x86_amd64\link.exe /ERRORREPORT:PROMPT /OUT:"Z:\Playground\FileRedirect\x64\Win7Debug\FileRedirect.sys" /VERSION:"6.3" /INCREMENTAL:NO /NOLOGO /WX /SECTION:"INIT,d" "C:\Program Files (x86)\Windows Kits\8.1\lib\win7\KM\x64\fltmgr.lib" pcre.lib "C:\Program Files (x86)\Windows Kits\8.1\lib\win7\KM\x64\BufferOverflowK.lib" "C:\Program Files (x86)\Windows Kits\8.1\lib\win7\KM\x64\ntoskrnl.lib" "C:\Program Files (x86)\Windows Kits\8.1\lib\win7\KM\x64\hal.lib" "C:\Program Files (x86)\Windows Kits\8.1\lib\win7\KM\x64\wmilib.lib" /NODEFAULTLIB /MANIFEST:NO /DEBUG /PDB:"Z:\Playground\FileRedirect\x64\Win7Debug\FileRedirect.pdb" /SUBSYSTEM:NATIVE,"6.01" /Driver /OPT:REF /OPT:ICF /ENTRY:"GsDriverEntry" /RELEASE /IMPLIB:"Z:\Playground\FileRedirect\x64\Win7Debug\FileRedirect.lib" /MERGE:"_TEXT=.text;_PAGE=PAGE" /MACHINE:X64 /PROFILE /kernel /IGNORE:4198,4010,4037,4039,4065,4070,4078,4087,4089,4221,4108,4088,4218,4218,4235 /osversion:6.3 /pdbcompress /debugtype:pdata x64\Win7Debug\FileRedirect.res
  x64\Win7Debug\utils.obj
  x64\Win7Debug\FileRedirect.obj
utils.obj : error LNK2019: 无法解析的外部符号 pcre_compile，该符号在函数 ismatch 中被引用
utils.obj : error LNK2019: 无法解析的外部符号 pcre_exec，该符号在函数 ismatch 中被引用
utils.obj : error LNK2001: 无法解析的外部符号 pcre_free
Z:\Playground\FileRedirect\x64\Win7Debug\FileRedirect.sys : fatal error LNK1120: 3 个无法解析的外部命令
已完成生成项目“Z:\Playground\FileRedirect\FileRedirect\FileRedirect.vcxproj”(Rebuild 个目标)的操作 - 失败。

生成失败。

已用时间 00:00:01.34
